|SourceProjectName:OpMan.hpr
|DestinationProjectName:index.html
index_hha.hhk
index.hhc
index.hhk
OpMan\OpMan\Activación_manual.htm
OpMan\OpMan\Apagado_de_la_Máquina_de_EDT.htm
OpMan\OpMan\Armarios_eléctricos.htm
OpMan\OpMan\Ayuda.htm
OpMan\OpMan\Botones_de_selección.htm
OpMan\OpMan\Ciclo_de_Funcionamiento_Diario_Normal.htm
OpMan\OpMan\Colores_de_los_números.htm
OpMan\OpMan\Comandos.htm
OpMan\OpMan\Consola_del_Operador.htm
OpMan\OpMan\Consola_del_Operador1.htm
OpMan\OpMan\Controles_de_Mantenimiento_Diario.htm
OpMan\OpMan\Convenciones_utilizadas_en_el_manual.htm
OpMan\OpMan\Cuadro_que_describe_los_botones_modales_en_el_péndulo_del_usuario.htm
OpMan\OpMan\Descripción_General_de_la_Máquina_de_EDT.htm
OpMan\OpMan\Diagrama_esquemático_-_DTI.htm
OpMan\OpMan\Disposición_de_la_Pantalla.htm
OpMan\OpMan\E-stop.htm
OpMan\OpMan\Ejecución_automática_-_Vista_de_información.htm
OpMan\OpMan\Ejecución_automática_-_vista_de_posiciones.htm
OpMan\OpMan\Elementos_y_convenciones_del_interfaz_de_usuario.htm
OpMan\OpMan\Encendido_de_la_Máquina_de_EDT.htm
OpMan\OpMan\Encendido_y_Apagado.htm
OpMan\OpMan\Entorno_de_la_Máquina.htm
OpMan\OpMan\Estaciones_de_Texturizado.htm
OpMan\OpMan\Estaciones_de_Texturizado1.htm
OpMan\OpMan\Estructura_de_los_Menús.htm
OpMan\OpMan\Extracción_de_Gases.htm
OpMan\OpMan\Filtrado.htm
OpMan\OpMan\Flujo_inverso.htm
OpMan\OpMan\Funcionamiento_Automático.htm
OpMan\OpMan\Funcionamiento_de_la_máquina_en_modo_Consola.htm
OpMan\OpMan\Funcionamiento_en_Imágenes.htm
OpMan\OpMan\Funcionamiento_en_Modo_Consola.htm
OpMan\OpMan\Funcionamiento_Semiautomático.htm
OpMan\OpMan\Gestión_del_Cambio_de_Tanque.htm
OpMan\OpMan\Iconografía.htm
OpMan\OpMan\Iconografía1.htm
OpMan\OpMan\Iconografía2.htm
OpMan\OpMan\Iconografía3.htm
OpMan\OpMan\Indicadores.htm
OpMan\OpMan\Instalación_-_Visión_de_Conjunto.htm
OpMan\OpMan\Interfaz_de_Usuario.htm
OpMan\OpMan\Introducción.htm
OpMan\OpMan\Introducción1.htm
OpMan\OpMan\Introducción2.htm
OpMan\OpMan\Introducción3.htm
OpMan\OpMan\Lista_de_Figuras.htm
OpMan\OpMan\Lista_de_Figuras1.htm
OpMan\OpMan\Listo.htm
OpMan\OpMan\Lunetas.htm
OpMan\OpMan\Manipulador_de_rodillos.htm
OpMan\OpMan\Medición_de_la_Textura_de_la_Superficie_del_Rodillo.htm
OpMan\OpMan\Mezcla.htm
OpMan\OpMan\Modo_AUTO.htm
OpMan\OpMan\Modo_Manual.htm
OpMan\OpMan\Modos_de_Navegación.htm
OpMan\OpMan\Modos_manual_y_AUTO.htm
OpMan\OpMan\Notificación_de_Averías_y_Ayuda.htm
OpMan\OpMan\Operaciones_de_Emergencia_Seguridad.htm
OpMan\OpMan\Operaciones_de_Filtrado.htm
OpMan\OpMan\Otras_convenciones_del_interfaz_de_usuario.htm
OpMan\OpMan\Panel_de_Control_y_Cuadro_Sinóptico_de_la_Planta_Dieléctrica.htm
OpMan\OpMan\Parámetros_de_rugosidad_según_lo_definido_en_la_norma_ISO_4287.htm
OpMan\OpMan\Planta_de_Fluido_Dieléctrico.htm
OpMan\OpMan\Planta_dieléctrica.htm
OpMan\OpMan\Posiciones_y_direcciones_de_desplazamiento_negativas_y_positivas.htm
OpMan\OpMan\Principios_y_Descripción_General.htm
OpMan\OpMan\Puntos_de_consigna_en_semiautomático.htm
OpMan\OpMan\Referenciación_y_consignas_de_la_máquina_de_EDT.htm
OpMan\OpMan\Requisitos_Previos_para_Funcionamiento_Semiautomático.htm
OpMan\OpMan\Secuencia_Auto_-_Postámbulo.htm
OpMan\OpMan\Secuencia_de_funcionamiento.htm
OpMan\OpMan\Secuencia_Semiautomática.htm
OpMan\OpMan\Selección_de_Programas_y_Secuencia_Auto_-_Preámbulo.htm
OpMan\OpMan\Selección_del_Modo_Carga.htm
OpMan\OpMan\Sistema_contra_Incendios.htm
OpMan\OpMan\Sistema_Dieléctrico.htm
OpMan\OpMan\Sobrevisión_estadística.htm
OpMan\OpMan\Sobrevisión_típica_de_un_rodillo.htm
OpMan\OpMan\Toma_periódica_de_mediciones.htm
OpMan\OpMan\Transferencia_Llenado.htm
OpMan\OpMan\Uso_del_Interruptor_de_Emergencia.htm
OpMan\OpMan\Uso_del_Péndulo.htm
OpMan\OpMan\Visión_de_Conjunto_del_Hardware_de_la_Máquina_de_EDT.htm
OpMan\OpMan\Visor_de_resultados.htm
OpMan\OpMan\Vista_de_Carga_Recarga_y_Descarga.htm
OpMan\OpMan\Volteo_Descarga.htm
Test\CCAR\tESt_Training_Guide.htm
Video\Headstock.htm
Video\Rear_Tailstock.htm
Video\Texturing_Heads.htm
Video\Headstock2.mp4
template\Theme3_Black\jquery.js
template\Theme3_Black\jqueryui-custom.js
template\Theme3_Black\layout.js
Drawings\Mechanical_Drawings_and_Parts_Lists.pdf
template\Theme3_Black\overthrow.min.js
template\Theme3_Black\overthrow.sidescroller.min.js
Video\RearTailstock.mp4
Video\Tex_Head.mp4
template\Charcoal_Grey\usersettings.js
index.glo
Test\CCAR\CCAR.css
CCAR.css
salesbuilder.css
template\Charcoal_Grey\layout-rtl.css
template\Charcoal_Grey\layout.css
template\Theme3_Black\main.css
template\Theme3_Black\jqueryui-custom.css
template\Theme3_Black\topic_buttonbar_small.png
template\Theme3_Black\index_buttonbar_small.png
template\Theme3_Black\index_buttonbar.png
template\Theme3_Black\preview\glossary_mobile.png
template\Theme3_Black\preview\tocnode.png
template\Theme3_Black\preview\toctree.png
Box_Arrow_Black_Right.gif
OpMan\OpMan\image108.gif
OpMan\OpMan\image106.jpg
OpMan\OpMan\image407.jpg
OpMan\OpMan\image405.gif
OpMan\OpMan\image104.gif
OpMan\OpMan\image004.gif
OpMan\OpMan\image403.gif
OpMan\OpMan\image208.gif
OpMan\OpMan\image206.gif
OpMan\OpMan\image204.gif
OpMan\OpMan\image202.gif
OpMan\OpMan\image200.gif
OpMan\OpMan\image309.jpg
OpMan\OpMan\image308.jpg
OpMan\OpMan\image307.jpg
OpMan\OpMan\image306.jpg
OpMan\OpMan\image304.jpg
OpMan\OpMan\image302.jpg
OpMan\OpMan\image300.gif
OpMan\OpMan\image002.jpg
OpMan\OpMan\image401.gif
OpMan\OpMan\image006.gif
OpMan\OpMan\image001.jpg
OpMan\OpMan\image101.jpg
template\Theme3_Black\TOCTreeOpenBookSelected.png
template\Theme3_Black\select_button.png
template\Theme3_Black\search_advanced_closed.png
template\Theme3_Black\search_advanced_open.png
template\Theme3_Black\close_sidebar.png
template\Theme3_Black\search_buttonbar.png
template\Charcoal_Grey\search_desktop_navigation.png
template\Charcoal_Grey\filter_desktop_applied.png
template\Charcoal_Grey\filter_desktop.png
template\Charcoal_Grey\filter_mobile_applied.png
template\Charcoal_Grey\filter_mobile_applied_active.png
template\Charcoal_Grey\glossary_mobile_active.png
template\Charcoal_Grey\previous_mobile_active.png
template\Charcoal_Grey\search_desktop.png
OpMan\OpMan\image038.gif
OpMan\OpMan\image036.jpg
OpMan\OpMan\image035.jpg
OpMan\OpMan\image033.gif
OpMan\OpMan\image031.jpg
OpMan\OpMan\image039.jpg
OpMan\OpMan\image138.gif
OpMan\OpMan\image137.gif
OpMan\OpMan\image239.gif
OpMan\OpMan\image237.jpg
OpMan\OpMan\image235.jpg
OpMan\OpMan\image233.jpg
OpMan\OpMan\image231.jpg
OpMan\OpMan\image339.jpg
OpMan\OpMan\image337.jpg
OpMan\OpMan\image335.jpg
OpMan\OpMan\image333.gif
OpMan\OpMan\image331.jpg
OpMan\OpMan\image136.gif
OpMan\OpMan\image134.gif
OpMan\OpMan\image132.gif
OpMan\OpMan\image130.gif
template\Theme3_Black\Print_hover.png
template\Theme3_Black\index_hover.png
template\Theme3_Black\open_sidebar.png
template\Theme3_Black\topic_hover.png
template\Charcoal_Grey\print_desktop.png
template\Charcoal_Grey\next_active.png
template\Charcoal_Grey\index_desktop.png
template\Charcoal_Grey\search_tab.png
template\Charcoal_Grey\filter_tab_applied.png
template\Charcoal_Grey\filter_tab.png
template\Charcoal_Grey\search_tab_active.png
template\Charcoal_Grey\filter_tab_active.png
template\Charcoal_Grey\toc_book_open_mobile.png
template\Charcoal_Grey\preview\index-mobile.png
template\Charcoal_Grey\preview\functionbar-mobile.png
template\Charcoal_Grey\preview\functionbar-tablet.png
template\Charcoal_Grey\preview\functionbar-desktop.png
OpMan\OpMan\image029.jpg
OpMan\OpMan\image027.jpg
OpMan\OpMan\image026.gif
OpMan\OpMan\image024.gif
OpMan\OpMan\image021.jpg
OpMan\OpMan\image327.jpg
OpMan\OpMan\image325.gif
OpMan\OpMan\image324.jpg
OpMan\OpMan\image322.jpg
OpMan\OpMan\image321.gif
OpMan\OpMan\image229.gif
OpMan\OpMan\image227.gif
OpMan\OpMan\image225.gif
OpMan\OpMan\image223.gif
OpMan\OpMan\image221.gif
OpMan\OpMan\image329.gif
OpMan\OpMan\image128.gif
OpMan\OpMan\image126.gif
OpMan\OpMan\image124.gif
OpMan\OpMan\image122.gif
OpMan\OpMan\image120.gif
template\Theme3_Black\preview\functionbar.png
template\Charcoal_Grey\search_desktop_active.png
template\Charcoal_Grey\next_tab_active.png
template\Charcoal_Grey\back_mobile_filter.png
template\Charcoal_Grey\next_mobile_active.png
template\Charcoal_Grey\next_mobile.png
template\Theme3_Black\topic_right.png
template\Theme3_Black\TOCTreeOpenBook.png
template\Theme3_Black\TOCTreeOpenBookHover.png
template\Theme3_Black\TOCNodeUpSmall.png
template\Theme3_Black\TOCNodeOpenBook.png
template\Theme3_Black\preview\glossary.png
template\Theme3_Black\preview\global.png
template\Charcoal_Grey\social_close_ltr.png
template\Charcoal_Grey\toc_book_closed_desktop_ltr.png
template\Charcoal_Grey\slider_rtl.png
template\Charcoal_Grey\andsearch_mark.png
template\Charcoal_Grey\social_close_rtl.png
template\Charcoal_Grey\andsearch_nomark.png
template\Charcoal_Grey\toc_book_open_desktop.png
template\Charcoal_Grey\filter_clearall.png
template\Charcoal_Grey\toc_book_closed_desktop_rtl.png
template\Charcoal_Grey\preview\index-desktop.png
template\Charcoal_Grey\preview\sidebar-desktop.png
template\Theme3_Black\ui-bg_inset-hard_100_f5f8f9_1x100.png
template\Theme3_Black\search_buttonbar_hover.png
template\Charcoal_Grey\previous_active.png
template\Charcoal_Grey\filter_tab_applied_active.png
template\Charcoal_Grey\previous_tab_active.png
template\Charcoal_Grey\previous_tab.png
template\Charcoal_Grey\search_mobile_active.png
template\Charcoal_Grey\filter_mobile_active.png
template\Charcoal_Grey\previous_mobile.png
template\Charcoal_Grey\preview\search-desktop.png
template\Charcoal_Grey\preview\sidebar-tablet.png
template\Charcoal_Grey\preview\mobile_header.png
template\Charcoal_Grey\preview\layout-media-queries.png
template\Charcoal_Grey\preview\user-settings.png
template\Theme3_Black\TOCTreePage.png
template\Theme3_Black\TOCTreePageSelected.png
template\Theme3_Black\TOCTreePageHover.png
template\Theme3_Black\animated-overlay.gif
template\Theme3_Black\TOCNodePage.png
template\Theme3_Black\preview\mobile_navigation.png
template\Charcoal_Grey\index_tab_active.png
template\Theme3_Black\ui-bg_glass_95_fef1ec_1x400.png
template\Theme3_Black\ui-bg_inset-hard_100_fcfdfd_1x100.png
template\Theme3_Black\preview\specialpage.png
template\Theme3_Black\preview\search.png
template\Theme3_Black\preview\sidebar.png
template\Charcoal_Grey\search_mobile_navigation.png
template\Theme3_Black\TOCTreeCloseBookSelected.png
template\Theme3_Black\ui-bg_glass_75_d0e5f5_1x400.png
template\Theme3_Black\ui-bg_glass_85_dfeffc_1x400.png
template\Charcoal_Grey\filter_nomark_radio.png
template\Charcoal_Grey\filter_nomark.png
OpMan\OpMan\image194.gif
OpMan\OpMan\image193.jpg
OpMan\OpMan\image191.gif
OpMan\OpMan\image196.gif
OpMan\OpMan\image399.jpg
OpMan\OpMan\image397.jpg
OpMan\OpMan\image395.jpg
OpMan\OpMan\image393.jpg
OpMan\OpMan\image391.jpg
OpMan\OpMan\image296.gif
OpMan\OpMan\image294.gif
OpMan\OpMan\image292.gif
OpMan\OpMan\image290.gif
OpMan\OpMan\image198.jpg
OpMan\OpMan\image099.gif
OpMan\OpMan\image098.jpg
OpMan\OpMan\image298.jpg
OpMan\OpMan\image096.gif
OpMan\OpMan\image094.gif
OpMan\OpMan\image092.gif
OpMan\OpMan\image090.gif
template\Theme3_Black\TOCTreeCloseBook.png
template\Theme3_Black\TOCNodeCloseBook.png
template\Theme3_Black\search_buttonbar_small.png
template\Charcoal_Grey\slider_open_ltr.png
template\Charcoal_Grey\slider_open_rtl.png
template\Charcoal_Grey\index_mobile.png
template\Charcoal_Grey\search_mobile_navigation_active.png
template\Charcoal_Grey\index_mobile_active.png
template\Charcoal_Grey\social_open.png
template\Charcoal_Grey\toc_book_open_drildown.png
template\Charcoal_Grey\preview\glossary-mobile.png
template\Charcoal_Grey\preview\glossary-desktop.png
OpMan\OpMan\image189.gif
OpMan\OpMan\image187.gif
OpMan\OpMan\image381.jpg
OpMan\OpMan\image389.jpg
OpMan\OpMan\image387.jpg
OpMan\OpMan\image383.gif
OpMan\OpMan\image288.gif
OpMan\OpMan\image286.gif
OpMan\OpMan\image284.gif
OpMan\OpMan\image282.gif
OpMan\OpMan\image280.gif
OpMan\OpMan\image385.jpg
OpMan\OpMan\image183.jpg
OpMan\OpMan\image181.jpg
OpMan\OpMan\image088.gif
OpMan\OpMan\image086.gif
OpMan\OpMan\image084.jpg
OpMan\OpMan\image082.gif
OpMan\OpMan\image080.gif
template\Theme3_Black\ui-bg_flat_55_fbec88_40x100.png
template\Charcoal_Grey\slider_ltr.png
template\Charcoal_Grey\top.png
template\Charcoal_Grey\next.png
template\Charcoal_Grey\previous.png
template\Charcoal_Grey\index_tab.png
template\Charcoal_Grey\toc_tab.png
template\Charcoal_Grey\next_tab.png
template\Charcoal_Grey\filter_mobile.png
template\Charcoal_Grey\search_mobile.png
template\Charcoal_Grey\filter_mark_radio.png
template\Charcoal_Grey\filter_mark.png
template\Charcoal_Grey\idx_topic.png
template\Charcoal_Grey\logo.png
template\Charcoal_Grey\loading.gif
template\Theme3_Black\BSNext_hover.png
template\Theme3_Black\BSBack_hover.png
template\Theme3_Black\ui-bg_flat_0_aaaaaa_40x100.png
template\Theme3_Black\glo_hover_buttonbar_small.png
template\Theme3_Black\glo_buttonbar_small.png
template\Theme3_Black\toc_hover_buttonbar_small.png
template\Theme3_Black\toc_buttonbar_small.png
template\Theme3_Black\glo_buttonbar_hover.png
template\Theme3_Black\glo_buttonbar.png
template\Theme3_Black\toc_buttonbar_hover.png
template\Theme3_Black\toc_buttonbar.png
template\Charcoal_Grey\toc_tab_active.png
template\Charcoal_Grey\back_to_topic.png
OpMan\OpMan\image053.jpg
OpMan\OpMan\image051.jpg
OpMan\OpMan\image154.jpg
OpMan\OpMan\image359.gif
OpMan\OpMan\image358.gif
OpMan\OpMan\image357.gif
OpMan\OpMan\image356.gif
OpMan\OpMan\image355.gif
OpMan\OpMan\image354.gif
OpMan\OpMan\image352.gif
OpMan\OpMan\image351.gif
OpMan\OpMan\image350.gif
OpMan\OpMan\image259.gif
OpMan\OpMan\image257.gif
OpMan\OpMan\image255.jpg
OpMan\OpMan\image253.gif
OpMan\OpMan\image251.jpg
OpMan\OpMan\image059.gif
OpMan\OpMan\image057.gif
OpMan\OpMan\image055.gif
OpMan\OpMan\image152.gif
OpMan\OpMan\image150.jpg
template\Theme3_Black\preview\header.png
template\Charcoal_Grey\toc_link_mobile_ltr.png
template\Charcoal_Grey\toc_book_closed_mobile_ltr.png
template\Charcoal_Grey\toc_desktop.png
template\Charcoal_Grey\toc_link_mobile_rtl.png
template\Charcoal_Grey\toc_book_closed_mobile_rtl.png
template\Charcoal_Grey\preview\social.png
template\Charcoal_Grey\preview\filter.png
template\Charcoal_Grey\preview\toc-mobile.png
template\Charcoal_Grey\preview\toc.png
template\Charcoal_Grey\preview\search.png
template\Charcoal_Grey\preview\sidebar-mobile.png
template\Charcoal_Grey\preview\content.png
template\Charcoal_Grey\preview\header.png
OpMan\OpMan\image049.gif
OpMan\OpMan\image048.jpg
OpMan\OpMan\image046.gif
OpMan\OpMan\image042.jpg
OpMan\OpMan\image040.jpg
OpMan\OpMan\image349.jpg
OpMan\OpMan\image347.gif
OpMan\OpMan\image044.gif
OpMan\OpMan\image249.jpg
OpMan\OpMan\image247.gif
OpMan\OpMan\image245.gif
OpMan\OpMan\image243.gif
OpMan\OpMan\image241.gif
OpMan\OpMan\image345.gif
OpMan\OpMan\image344.jpg
OpMan\OpMan\image342.gif
OpMan\OpMan\image341.jpg
OpMan\OpMan\image148.gif
OpMan\OpMan\image146.gif
OpMan\OpMan\image144.gif
OpMan\OpMan\image142.gif
OpMan\OpMan\image140.gif
template\Theme3_Black\TOCTreeLink.png
template\Theme3_Black\TOCTreeLinkSelected.png
template\Theme3_Black\TOCTreeLinkHover.png
template\Theme3_Black\TOCNodeLink.png
template\Theme3_Black\preview\index_mobile.png
template\Theme3_Black\preview\index.png
template\Charcoal_Grey\toc_link_desktop_ltr.png
template\Charcoal_Grey\toc_link_desktop_rtl.png
OpMan\OpMan\image379.jpg
OpMan\OpMan\image377.jpg
OpMan\OpMan\image375.gif
OpMan\OpMan\image373.gif
OpMan\OpMan\image173.gif
OpMan\OpMan\image171.gif
OpMan\OpMan\image170.gif
OpMan\OpMan\image371.jpg
OpMan\OpMan\image278.gif
OpMan\OpMan\image276.gif
OpMan\OpMan\image274.gif
OpMan\OpMan\image272.gif
OpMan\OpMan\image270.gif
OpMan\OpMan\image175.gif
OpMan\OpMan\image179.jpg
OpMan\OpMan\image079.gif
OpMan\OpMan\image078.jpg
OpMan\OpMan\image076.jpg
OpMan\OpMan\image074.jpg
OpMan\OpMan\image072.gif
OpMan\OpMan\image070.jpg
template\Theme3_Black\TOCTreeCloseBookHover.png
template\Theme3_Black\ui-bg_gloss-wave_55_5c9ccc_500x100.png
template\Theme3_Black\search_hover_buttonbar_small.png
template\Theme3_Black\index_buttonbar_hover.png
template\Charcoal_Grey\toc_mobile.png
template\Charcoal_Grey\toc_mobile_active.png
template\Charcoal_Grey\toc_topic_desktop.png
template\Charcoal_Grey\toc_topic_mobile.png
template\Charcoal_Grey\preview\filter-mobile.png
Logo_webhelp.png
OpMan\OpMan\image268.gif
OpMan\OpMan\image369.jpg
OpMan\OpMan\image368.gif
OpMan\OpMan\image367.gif
OpMan\OpMan\image366.gif
OpMan\OpMan\image365.jpg
OpMan\OpMan\image363.jpg
OpMan\OpMan\image361.jpg
OpMan\OpMan\image168.jpg
OpMan\OpMan\image166.gif
OpMan\OpMan\image164.gif
OpMan\OpMan\image162.gif
OpMan\OpMan\image160.jpg
OpMan\OpMan\image266.jpg
OpMan\OpMan\image264.gif
OpMan\OpMan\image263.jpg
OpMan\OpMan\image261.jpg
OpMan\OpMan\image066.jpg
OpMan\OpMan\image065.gif
OpMan\OpMan\image063.gif
OpMan\OpMan\image061.gif
OpMan\OpMan\image068.jpg
template\Theme3_Black\BSNext.png
template\Theme3_Black\BSBack.png
template\Theme3_Black\topic_left.png
template\Theme3_Black\glo_hover.png
template\Theme3_Black\glo.png
template\Theme3_Black\Print.png
template\Theme3_Black\home_hover.png
template\Theme3_Black\home.png
template\Theme3_Black\Search.png
template\Theme3_Black\index.png
template\Theme3_Black\toc_hover.png
template\Theme3_Black\toc.png
template\Theme3_Black\logo.png
template\Theme3_Black\searchNext.png
template\Theme3_Black\searchBack.png
template\Theme3_Black\TOCNodeUp.png
template\Theme3_Black\icon_back_small.png
template\Theme3_Black\index_hover_buttonbar_small.png
template\Theme3_Black\switch.png
template\Theme3_Black\topic.png
template\Theme3_Black\to_top.png
template\Charcoal_Grey\glossary_desktop.png
template\Charcoal_Grey\glossary_tab.png
template\Charcoal_Grey\glossary_tab_active.png
template\Charcoal_Grey\glossary_mobile.png
Box_Arrow_Black_Down.gif
OpMan\OpMan\image110.jpg
OpMan\OpMan\image015.jpg
OpMan\OpMan\image013.gif
OpMan\OpMan\image319.jpg
OpMan\OpMan\image218.gif
OpMan\OpMan\image216.gif
OpMan\OpMan\image214.gif
OpMan\OpMan\image212.gif
OpMan\OpMan\image210.gif
OpMan\OpMan\image317.jpg
OpMan\OpMan\image316.gif
OpMan\OpMan\image315.jpg
OpMan\OpMan\image314.jpg
OpMan\OpMan\image313.jpg
OpMan\OpMan\image312.jpg
OpMan\OpMan\image311.jpg
OpMan\OpMan\image219.jpg
OpMan\OpMan\image118.gif
OpMan\OpMan\image116.gif
OpMan\OpMan\image114.gif
OpMan\OpMan\image112.gif
ehlpdhtm.js
RoboHHRE.lng
SearchOptions.xml
Mobile_App_config.xml
whxdata\toc2.js
whxdata\toc2.new.js
whxdata\toc4.js
whxdata\toc4.new.js
whxdata\toc5.js
whxdata\toc5.new.js
whxdata\toc3.js
whxdata\toc3.new.js
whxdata\toc7.js
whxdata\toc7.new.js
whxdata\toc9.js
whxdata\toc9.new.js
whxdata\toc8.js
whxdata\toc8.new.js
whxdata\toc6.js
whxdata\toc6.new.js
whxdata\toc10.js
whxdata\toc10.new.js
whxdata\toc13.js
whxdata\toc13.new.js
whxdata\toc12.js
whxdata\toc12.new.js
whxdata\toc11.js
whxdata\toc11.new.js
whxdata\toc15.js
whxdata\toc15.new.js
whxdata\toc17.js
whxdata\toc17.new.js
whxdata\toc18.js
whxdata\toc18.new.js
whxdata\toc19.js
whxdata\toc19.new.js
whxdata\toc16.js
whxdata\toc16.new.js
whxdata\toc21.js
whxdata\toc21.new.js
whxdata\toc20.js
whxdata\toc20.new.js
whxdata\toc14.js
whxdata\toc14.new.js
whxdata\toc22.js
whxdata\toc22.new.js
whxdata\toc24.js
whxdata\toc24.new.js
whxdata\toc25.js
whxdata\toc25.new.js
whxdata\toc23.js
whxdata\toc23.new.js
whxdata\toc27.js
whxdata\toc27.new.js
whxdata\toc26.js
whxdata\toc26.new.js
whxdata\toc28.js
whxdata\toc28.new.js
whxdata\toc1.js
whxdata\toc1.new.js
whxdata\toc.js
whxdata\toc.new.js
whxdata\idata1.js
whxdata\idata1.new.js
whxdata\idata2.js
whxdata\idata2.new.js
whxdata\idx.js
whxdata\idx.new.js
whxdata\glo.js
whxdata\glo.new.js
whxdata\package_0_xml.js
whxdata\package_1_xml.js
whxdata\package_2_xml.js
whxdata\package_3_xml.js
whxdata\package_4_xml.js
whxdata\package_5_xml.js
whxdata\package_6_xml.js
whxdata\package_7_xml.js
whxdata\package_8_xml.js
whxdata\package_9_xml.js
whxdata\package_10_xml.js
whxdata\package_11_xml.js
whxdata\package_12_xml.js
whxdata\package_13_xml.js
whxdata\package_14_xml.js
whxdata\packageindex_xml.js
whxdata\synonym.xml
whxdata\synonym_xml.js
whxdata\topictable_0_xml.js
whxdata\topictable_1_xml.js
whxdata\topictable_2_xml.js
whxdata\topictableindex_xml.js
whxdata\whfts.xml
whxdata\whfts_xml.js
whxdata\csh.js
whxdata\window.js
projectdata.js
